running egg_info
writing ../../build/rrrp_simulation/rrrp_simulation.egg-info/PKG-INFO
writing dependency_links to ../../build/rrrp_simulation/rrrp_simulation.egg-info/dependency_links.txt
writing entry points to ../../build/rrrp_simulation/rrrp_simulation.egg-info/entry_points.txt
writing requirements to ../../build/rrrp_simulation/rrrp_simulation.egg-info/requires.txt
writing top-level names to ../../build/rrrp_simulation/rrrp_simulation.egg-info/top_level.txt
reading manifest file '../../build/rrrp_simulation/rrrp_simulation.egg-info/SOURCES.txt'
writing manifest file '../../build/rrrp_simulation/rrrp_simulation.egg-info/SOURCES.txt'
running build
running build_py
copying rrrp_simulation/rrrp_node.py -> /home/iiitd/Desktop/ros2/BATTERY/rrrp_uav_ugv/ros2_ws/build/rrrp_simulation/build/lib/rrrp_simulation
running install
running install_lib
copying /home/iiitd/Desktop/ros2/BATTERY/rrrp_uav_ugv/ros2_ws/build/rrrp_simulation/build/lib/rrrp_simulation/rrrp_node.py -> /home/iiitd/Desktop/ros2/BATTERY/rrrp_uav_ugv/ros2_ws/install/rrrp_simulation/lib/python3.10/site-packages/rrrp_simulation
byte-compiling /home/iiitd/Desktop/ros2/BATTERY/rrrp_uav_ugv/ros2_ws/install/rrrp_simulation/lib/python3.10/site-packages/rrrp_simulation/rrrp_node.py to rrrp_node.cpython-310.pyc
running install_data
running install_egg_info
removing '/home/iiitd/Desktop/ros2/BATTERY/rrrp_uav_ugv/ros2_ws/install/rrrp_simulation/lib/python3.10/site-packages/rrrp_simulation-0.0.0-py3.10.egg-info' (and everything under it)
Copying ../../build/rrrp_simulation/rrrp_simulation.egg-info to /home/iiitd/Desktop/ros2/BATTERY/rrrp_uav_ugv/ros2_ws/install/rrrp_simulation/lib/python3.10/site-packages/rrrp_simulation-0.0.0-py3.10.egg-info
running install_scripts
Installing rrrp_node script to /home/iiitd/Desktop/ros2/BATTERY/rrrp_uav_ugv/ros2_ws/install/rrrp_simulation/lib/rrrp_simulation
Installing uav_a_star_flyer script to /home/iiitd/Desktop/ros2/BATTERY/rrrp_uav_ugv/ros2_ws/install/rrrp_simulation/lib/rrrp_simulation
writing list of installed files to '/home/iiitd/Desktop/ros2/BATTERY/rrrp_uav_ugv/ros2_ws/build/rrrp_simulation/install.log'
