[0.858s] Invoking command in '/home/iiitd/Desktop/ros2/BATTERY/rrrp_uav_ugv/ros2_ws/src/rrrp_simulation': PYTHONPATH=/home/iiitd/Desktop/ros2/BATTERY/rrrp_uav_ugv/ros2_ws/build/rrrp_simulation/prefix_override:/usr/lib/python3/dist-packages/colcon_core/task/python/colcon_distutils_commands:/home/iiitd/Desktop/ros2/BATTERY/rrrp_uav_ugv/ros2_ws/install/rrrp_simulation/lib/python3.10/site-packages:${PYTHONPATH} /usr/bin/python3 -W ignore:setup.py install is deprecated -W ignore:easy_install command is deprecated setup.py egg_info --egg-base ../../build/rrrp_simulation build --build-base /home/iiitd/Desktop/ros2/BATTERY/rrrp_uav_ugv/ros2_ws/build/rrrp_simulation/build install --record /home/iiitd/Desktop/ros2/BATTERY/rrrp_uav_ugv/ros2_ws/build/rrrp_simulation/install.log --single-version-externally-managed install_data
[1.108s] running egg_info
[1.109s] writing ../../build/rrrp_simulation/rrrp_simulation.egg-info/PKG-INFO
[1.109s] writing dependency_links to ../../build/rrrp_simulation/rrrp_simulation.egg-info/dependency_links.txt
[1.109s] writing entry points to ../../build/rrrp_simulation/rrrp_simulation.egg-info/entry_points.txt
[1.109s] writing requirements to ../../build/rrrp_simulation/rrrp_simulation.egg-info/requires.txt
[1.109s] writing top-level names to ../../build/rrrp_simulation/rrrp_simulation.egg-info/top_level.txt
[1.111s] reading manifest file '../../build/rrrp_simulation/rrrp_simulation.egg-info/SOURCES.txt'
[1.119s] writing manifest file '../../build/rrrp_simulation/rrrp_simulation.egg-info/SOURCES.txt'
[1.120s] running build
[1.120s] running build_py
[1.120s] copying rrrp_simulation/uav_a_star_flyer.py -> /home/iiitd/Desktop/ros2/BATTERY/rrrp_uav_ugv/ros2_ws/build/rrrp_simulation/build/lib/rrrp_simulation
[1.120s] running install
[1.120s] running install_lib
[1.121s] copying /home/iiitd/Desktop/ros2/BATTERY/rrrp_uav_ugv/ros2_ws/build/rrrp_simulation/build/lib/rrrp_simulation/uav_a_star_flyer.py -> /home/iiitd/Desktop/ros2/BATTERY/rrrp_uav_ugv/ros2_ws/install/rrrp_simulation/lib/python3.10/site-packages/rrrp_simulation
[1.122s] byte-compiling /home/iiitd/Desktop/ros2/BATTERY/rrrp_uav_ugv/ros2_ws/install/rrrp_simulation/lib/python3.10/site-packages/rrrp_simulation/uav_a_star_flyer.py to uav_a_star_flyer.cpython-310.pyc
[1.124s] running install_data
[1.124s] running install_egg_info
[1.126s] removing '/home/iiitd/Desktop/ros2/BATTERY/rrrp_uav_ugv/ros2_ws/install/rrrp_simulation/lib/python3.10/site-packages/rrrp_simulation-0.0.0-py3.10.egg-info' (and everything under it)
[1.126s] Copying ../../build/rrrp_simulation/rrrp_simulation.egg-info to /home/iiitd/Desktop/ros2/BATTERY/rrrp_uav_ugv/ros2_ws/install/rrrp_simulation/lib/python3.10/site-packages/rrrp_simulation-0.0.0-py3.10.egg-info
[1.127s] running install_scripts
[1.147s] Installing rrrp_node script to /home/iiitd/Desktop/ros2/BATTERY/rrrp_uav_ugv/ros2_ws/install/rrrp_simulation/lib/rrrp_simulation
[1.147s] Installing uav_a_star_flyer script to /home/iiitd/Desktop/ros2/BATTERY/rrrp_uav_ugv/ros2_ws/install/rrrp_simulation/lib/rrrp_simulation
[1.147s] writing list of installed files to '/home/iiitd/Desktop/ros2/BATTERY/rrrp_uav_ugv/ros2_ws/build/rrrp_simulation/install.log'
[1.174s] Invoked command in '/home/iiitd/Desktop/ros2/BATTERY/rrrp_uav_ugv/ros2_ws/src/rrrp_simulation' returned '0': PYTHONPATH=/home/iiitd/Desktop/ros2/BATTERY/rrrp_uav_ugv/ros2_ws/build/rrrp_simulation/prefix_override:/usr/lib/python3/dist-packages/colcon_core/task/python/colcon_distutils_commands:/home/iiitd/Desktop/ros2/BATTERY/rrrp_uav_ugv/ros2_ws/install/rrrp_simulation/lib/python3.10/site-packages:${PYTHONPATH} /usr/bin/python3 -W ignore:setup.py install is deprecated -W ignore:easy_install command is deprecated setup.py egg_info --egg-base ../../build/rrrp_simulation build --build-base /home/iiitd/Desktop/ros2/BATTERY/rrrp_uav_ugv/ros2_ws/build/rrrp_simulation/build install --record /home/iiitd/Desktop/ros2/BATTERY/rrrp_uav_ugv/ros2_ws/build/rrrp_simulation/install.log --single-version-externally-managed install_data
