/home/iiitd/Desktop/ros2/BATTERY/rrrp_uav_ugv/ros2_ws/install/rrrp_simulation/lib/python3.10/site-packages/rrrp_simulation/rrrp_node.py
/home/iiitd/Desktop/ros2/BATTERY/rrrp_uav_ugv/ros2_ws/install/rrrp_simulation/lib/python3.10/site-packages/rrrp_simulation/uav_a_star_flyer.py
/home/iiitd/Desktop/ros2/BATTERY/rrrp_uav_ugv/ros2_ws/install/rrrp_simulation/lib/python3.10/site-packages/rrrp_simulation/__init__.py
/home/iiitd/Desktop/ros2/BATTERY/rrrp_uav_ugv/ros2_ws/install/rrrp_simulation/lib/python3.10/site-packages/rrrp_simulation/__pycache__/rrrp_node.cpython-310.pyc
/home/iiitd/Desktop/ros2/BATTERY/rrrp_uav_ugv/ros2_ws/install/rrrp_simulation/lib/python3.10/site-packages/rrrp_simulation/__pycache__/uav_a_star_flyer.cpython-310.pyc
/home/iiitd/Desktop/ros2/BATTERY/rrrp_uav_ugv/ros2_ws/install/rrrp_simulation/lib/python3.10/site-packages/rrrp_simulation/__pycache__/__init__.cpython-310.pyc
/home/iiitd/Desktop/ros2/BATTERY/rrrp_uav_ugv/ros2_ws/install/rrrp_simulation/share/ament_index/resource_index/packages/rrrp_simulation
/home/iiitd/Desktop/ros2/BATTERY/rrrp_uav_ugv/ros2_ws/install/rrrp_simulation/share/rrrp_simulation/package.xml
/home/iiitd/Desktop/ros2/BATTERY/rrrp_uav_ugv/ros2_ws/install/rrrp_simulation/share/rrrp_simulation/launch/simulation.launch.py
/home/iiitd/Desktop/ros2/BATTERY/rrrp_uav_ugv/ros2_ws/install/rrrp_simulation/share/rrrp_simulation/worlds/arena_100x100.world
/home/iiitd/Desktop/ros2/BATTERY/rrrp_uav_ugv/ros2_ws/install/rrrp_simulation/share/rrrp_simulation/rviz
/home/iiitd/Desktop/ros2/BATTERY/rrrp_uav_ugv/ros2_ws/install/rrrp_simulation/lib/python3.10/site-packages/rrrp_simulation-0.0.0-py3.10.egg-info/requires.txt
/home/iiitd/Desktop/ros2/BATTERY/rrrp_uav_ugv/ros2_ws/install/rrrp_simulation/lib/python3.10/site-packages/rrrp_simulation-0.0.0-py3.10.egg-info/entry_points.txt
/home/iiitd/Desktop/ros2/BATTERY/rrrp_uav_ugv/ros2_ws/install/rrrp_simulation/lib/python3.10/site-packages/rrrp_simulation-0.0.0-py3.10.egg-info/SOURCES.txt
/home/iiitd/Desktop/ros2/BATTERY/rrrp_uav_ugv/ros2_ws/install/rrrp_simulation/lib/python3.10/site-packages/rrrp_simulation-0.0.0-py3.10.egg-info/zip-safe
/home/iiitd/Desktop/ros2/BATTERY/rrrp_uav_ugv/ros2_ws/install/rrrp_simulation/lib/python3.10/site-packages/rrrp_simulation-0.0.0-py3.10.egg-info/PKG-INFO
/home/iiitd/Desktop/ros2/BATTERY/rrrp_uav_ugv/ros2_ws/install/rrrp_simulation/lib/python3.10/site-packages/rrrp_simulation-0.0.0-py3.10.egg-info/top_level.txt
/home/iiitd/Desktop/ros2/BATTERY/rrrp_uav_ugv/ros2_ws/install/rrrp_simulation/lib/python3.10/site-packages/rrrp_simulation-0.0.0-py3.10.egg-info/dependency_links.txt
/home/iiitd/Desktop/ros2/BATTERY/rrrp_uav_ugv/ros2_ws/install/rrrp_simulation/lib/rrrp_simulation/rrrp_node
/home/iiitd/Desktop/ros2/BATTERY/rrrp_uav_ugv/ros2_ws/install/rrrp_simulation/lib/rrrp_simulation/uav_a_star_flyer
