[0.467s] DEBUG:colcon:Command line arguments: ['/usr/bin/colcon', 'build', '--symlink-install']
[0.467s] DEBUG:colcon:Parsed command line arguments: Namespace(log_base=None, log_level=None, verb_name='build', build_base='build', install_base='install', merge_install=False, symlink_install=True, test_result_base=None, continue_on_error=False, executor='parallel', parallel_workers=4, event_handlers=None, ignore_user_meta=False, metas=['./colcon.meta'], base_paths=['.'], packages_ignore=None, packages_ignore_regex=None, paths=None, packages_up_to=None, packages_up_to_regex=None, packages_above=None, packages_above_and_dependencies=None, packages_above_depth=None, packages_select_by_dep=None, packages_skip_by_dep=None, packages_skip_up_to=None, packages_select_build_failed=False, packages_skip_build_finished=False, packages_select_test_failures=False, packages_skip_test_passed=False, packages_select=None, packages_skip=None, packages_select_regex=None, packages_skip_regex=None, packages_start=None, packages_end=None, allow_overriding=[], cmake_args=None, cmake_target=None, cmake_target_skip_unavailable=False, cmake_clean_cache=False, cmake_clean_first=False, cmake_force_configure=False, ament_cmake_args=None, catkin_cmake_args=None, catkin_skip_building_tests=False, verb_parser=<colcon_defaults.argument_parser.defaults.DefaultArgumentsDecorator object at 0x7ca3e730e680>, verb_extension=<colcon_core.verb.build.BuildVerb object at 0x7ca3e730e140>, main=<bound method BuildVerb.main of <colcon_core.verb.build.BuildVerb object at 0x7ca3e730e140>>)
[2.864s] Level 1:colcon.colcon_core.package_discovery:discover_packages(colcon_meta) check parameters
[2.864s] Level 1:colcon.colcon_core.package_discovery:discover_packages(recursive) check parameters
[2.864s] Level 1:colcon.colcon_core.package_discovery:discover_packages(ignore) check parameters
[2.864s] Level 1:colcon.colcon_core.package_discovery:discover_packages(path) check parameters
[2.864s] Level 1:colcon.colcon_core.package_discovery:discover_packages(colcon_meta) discover
[2.864s] Level 1:colcon.colcon_core.package_discovery:discover_packages(recursive) discover
[2.864s] INFO:colcon.colcon_core.package_discovery:Crawling recursively for packages in '/home/iiitd/Desktop/ros2/BATTERY/rrrp_uav_ugv/ros2_ws'
[2.864s] Level 1:colcon.colcon_core.package_identification:_identify(.) by extensions ['ignore', 'ignore_ament_install']
[2.865s] Level 1:colcon.colcon_core.package_identification:_identify(.) by extension 'ignore'
[2.865s] Level 1:colcon.colcon_core.package_identification:_identify(.) by extension 'ignore_ament_install'
[2.865s] Level 1:colcon.colcon_core.package_identification:_identify(.) by extensions ['colcon_pkg']
[2.865s] Level 1:colcon.colcon_core.package_identification:_identify(.) by extension 'colcon_pkg'
[2.865s] Level 1:colcon.colcon_core.package_identification:_identify(.) by extensions ['colcon_meta']
[2.865s] Level 1:colcon.colcon_core.package_identification:_identify(.) by extension 'colcon_meta'
[2.865s] Level 1:colcon.colcon_core.package_identification:_identify(.) by extensions ['ros']
[2.865s] Level 1:colcon.colcon_core.package_identification:_identify(.) by extension 'ros'
[2.876s] Level 1:colcon.colcon_core.package_identification:_identify(.) by extensions ['cmake', 'python']
[2.876s] Level 1:colcon.colcon_core.package_identification:_identify(.) by extension 'cmake'
[2.876s] Level 1:colcon.colcon_core.package_identification:_identify(.) by extension 'python'
[2.876s] Level 1:colcon.colcon_core.package_identification:_identify(.) by extensions ['python_setup_py']
[2.876s] Level 1:colcon.colcon_core.package_identification:_identify(.) by extension 'python_setup_py'
[2.876s] Level 1:colcon.colcon_core.package_identification:_identify(build) by extensions ['ignore', 'ignore_ament_install']
[2.876s] Level 1:colcon.colcon_core.package_identification:_identify(build) by extension 'ignore'
[2.876s] Level 1:colcon.colcon_core.package_identification:_identify(build) ignored
[2.876s] Level 1:colcon.colcon_core.package_identification:_identify(install) by extensions ['ignore', 'ignore_ament_install']
[2.876s] Level 1:colcon.colcon_core.package_identification:_identify(install) by extension 'ignore'
[2.876s] Level 1:colcon.colcon_core.package_identification:_identify(install) ignored
[2.877s] Level 1:colcon.colcon_core.package_identification:_identify(log) by extensions ['ignore', 'ignore_ament_install']
[2.877s] Level 1:colcon.colcon_core.package_identification:_identify(log) by extension 'ignore'
[2.877s] Level 1:colcon.colcon_core.package_identification:_identify(log) ignored
[2.877s] Level 1:colcon.colcon_core.package_identification:_identify(src) by extensions ['ignore', 'ignore_ament_install']
[2.877s] Level 1:colcon.colcon_core.package_identification:_identify(src) by extension 'ignore'
[2.877s] Level 1:colcon.colcon_core.package_identification:_identify(src) by extension 'ignore_ament_install'
[2.877s] Level 1:colcon.colcon_core.package_identification:_identify(src) by extensions ['colcon_pkg']
[2.877s] Level 1:colcon.colcon_core.package_identification:_identify(src) by extension 'colcon_pkg'
[2.877s] Level 1:colcon.colcon_core.package_identification:_identify(src) by extensions ['colcon_meta']
[2.877s] Level 1:colcon.colcon_core.package_identification:_identify(src) by extension 'colcon_meta'
[2.877s] Level 1:colcon.colcon_core.package_identification:_identify(src) by extensions ['ros']
[2.877s] Level 1:colcon.colcon_core.package_identification:_identify(src) by extension 'ros'
[2.877s] Level 1:colcon.colcon_core.package_identification:_identify(src) by extensions ['cmake', 'python']
[2.877s] Level 1:colcon.colcon_core.package_identification:_identify(src) by extension 'cmake'
[2.877s] Level 1:colcon.colcon_core.package_identification:_identify(src) by extension 'python'
[2.877s] Level 1:colcon.colcon_core.package_identification:_identify(src) by extensions ['python_setup_py']
[2.877s] Level 1:colcon.colcon_core.package_identification:_identify(src) by extension 'python_setup_py'
[2.877s] Level 1:colcon.colcon_core.package_identification:_identify(src/rrrp_simulation) by extensions ['ignore', 'ignore_ament_install']
[2.878s] Level 1:colcon.colcon_core.package_identification:_identify(src/rrrp_simulation) by extension 'ignore'
[2.878s] Level 1:colcon.colcon_core.package_identification:_identify(src/rrrp_simulation) by extension 'ignore_ament_install'
[2.878s] Level 1:colcon.colcon_core.package_identification:_identify(src/rrrp_simulation) by extensions ['colcon_pkg']
[2.878s] Level 1:colcon.colcon_core.package_identification:_identify(src/rrrp_simulation) by extension 'colcon_pkg'
[2.878s] Level 1:colcon.colcon_core.package_identification:_identify(src/rrrp_simulation) by extensions ['colcon_meta']
[2.878s] Level 1:colcon.colcon_core.package_identification:_identify(src/rrrp_simulation) by extension 'colcon_meta'
[2.878s] Level 1:colcon.colcon_core.package_identification:_identify(src/rrrp_simulation) by extensions ['ros']
[2.878s] Level 1:colcon.colcon_core.package_identification:_identify(src/rrrp_simulation) by extension 'ros'
[2.909s] DEBUG:colcon.colcon_core.package_identification:Package 'src/rrrp_simulation' with type 'ros.ament_python' and name 'rrrp_simulation'
[2.909s] Level 1:colcon.colcon_core.package_discovery:discover_packages(recursive) using defaults
[2.909s] Level 1:colcon.colcon_core.package_discovery:discover_packages(ignore) discover
[2.909s] Level 1:colcon.colcon_core.package_discovery:discover_packages(ignore) using defaults
[2.909s] Level 1:colcon.colcon_core.package_discovery:discover_packages(path) discover
[2.909s] Level 1:colcon.colcon_core.package_discovery:discover_packages(path) using defaults
[3.106s] Level 1:colcon.colcon_core.package_discovery:discover_packages(prefix_path) check parameters
[3.106s] Level 1:colcon.colcon_core.package_discovery:discover_packages(prefix_path) discover
[3.157s] Level 1:colcon.colcon_core.package_discovery:discover_packages(prefix_path) using defaults
[3.158s] Level 5:colcon.colcon_core.verb:set package 'rrrp_simulation' build argument 'cmake_args' from command line to 'None'
[3.158s] Level 5:colcon.colcon_core.verb:set package 'rrrp_simulation' build argument 'cmake_target' from command line to 'None'
[3.158s] Level 5:colcon.colcon_core.verb:set package 'rrrp_simulation' build argument 'cmake_target_skip_unavailable' from command line to 'False'
[3.158s] Level 5:colcon.colcon_core.verb:set package 'rrrp_simulation' build argument 'cmake_clean_cache' from command line to 'False'
[3.158s] Level 5:colcon.colcon_core.verb:set package 'rrrp_simulation' build argument 'cmake_clean_first' from command line to 'False'
[3.158s] Level 5:colcon.colcon_core.verb:set package 'rrrp_simulation' build argument 'cmake_force_configure' from command line to 'False'
[3.158s] Level 5:colcon.colcon_core.verb:set package 'rrrp_simulation' build argument 'ament_cmake_args' from command line to 'None'
[3.158s] Level 5:colcon.colcon_core.verb:set package 'rrrp_simulation' build argument 'catkin_cmake_args' from command line to 'None'
[3.158s] Level 5:colcon.colcon_core.verb:set package 'rrrp_simulation' build argument 'catkin_skip_building_tests' from command line to 'False'
[3.158s] DEBUG:colcon.colcon_core.verb:Building package 'rrrp_simulation' with the following arguments: {'ament_cmake_args': None, 'build_base': '/home/iiitd/Desktop/ros2/BATTERY/rrrp_uav_ugv/ros2_ws/build/rrrp_simulation', 'catkin_cmake_args': None, 'catkin_skip_building_tests': False, 'cmake_args': None, 'cmake_clean_cache': False, 'cmake_clean_first': False, 'cmake_force_configure': False, 'cmake_target': None, 'cmake_target_skip_unavailable': False, 'install_base': '/home/iiitd/Desktop/ros2/BATTERY/rrrp_uav_ugv/ros2_ws/install/rrrp_simulation', 'merge_install': False, 'path': '/home/iiitd/Desktop/ros2/BATTERY/rrrp_uav_ugv/ros2_ws/src/rrrp_simulation', 'symlink_install': True, 'test_result_base': None}
[3.158s] INFO:colcon.colcon_core.executor:Executing jobs using 'parallel' executor
[3.159s] DEBUG:colcon.colcon_parallel_executor.executor.parallel:run_until_complete
[3.160s] INFO:colcon.colcon_ros.task.ament_python.build:Building ROS package in '/home/iiitd/Desktop/ros2/BATTERY/rrrp_uav_ugv/ros2_ws/src/rrrp_simulation' with build type 'ament_python'
[3.160s] Level 1:colcon.colcon_core.shell:create_environment_hook('rrrp_simulation', 'ament_prefix_path')
[3.166s] INFO:colcon.colcon_core.plugin_system:Skipping extension 'colcon_core.shell.bat': Not used on non-Windows systems
[3.166s] INFO:colcon.colcon_core.shell:Creating environment hook '/home/iiitd/Desktop/ros2/BATTERY/rrrp_uav_ugv/ros2_ws/install/rrrp_simulation/share/rrrp_simulation/hook/ament_prefix_path.ps1'
[3.167s] INFO:colcon.colcon_core.shell:Creating environment descriptor '/home/iiitd/Desktop/ros2/BATTERY/rrrp_uav_ugv/ros2_ws/install/rrrp_simulation/share/rrrp_simulation/hook/ament_prefix_path.dsv'
[3.176s] INFO:colcon.colcon_core.shell:Creating environment hook '/home/iiitd/Desktop/ros2/BATTERY/rrrp_uav_ugv/ros2_ws/install/rrrp_simulation/share/rrrp_simulation/hook/ament_prefix_path.sh'
[3.177s] INFO:colcon.colcon_core.shell:Skip shell extension 'powershell' for command environment: Not usable outside of PowerShell
[3.177s] DEBUG:colcon.colcon_core.shell:Skip shell extension 'dsv' for command environment
[3.394s] INFO:colcon.colcon_core.task.python.build:Building Python package in '/home/iiitd/Desktop/ros2/BATTERY/rrrp_uav_ugv/ros2_ws/src/rrrp_simulation'
[3.394s] INFO:colcon.colcon_core.shell:Skip shell extension 'powershell' for command environment: Not usable outside of PowerShell
[3.394s] DEBUG:colcon.colcon_core.shell:Skip shell extension 'dsv' for command environment
[3.925s] DEBUG:colcon.colcon_core.event_handler.log_command:Invoking command in '/home/iiitd/Desktop/ros2/BATTERY/rrrp_uav_ugv/ros2_ws/build/rrrp_simulation': PYTHONPATH=/home/iiitd/Desktop/ros2/BATTERY/rrrp_uav_ugv/ros2_ws/build/rrrp_simulation/prefix_override:/usr/lib/python3/dist-packages/colcon_core/task/python/colcon_distutils_commands:/home/iiitd/Desktop/ros2/BATTERY/rrrp_uav_ugv/ros2_ws/install/rrrp_simulation/lib/python3.10/site-packages: /usr/bin/python3 -W ignore:setup.py install is deprecated -W ignore:easy_install command is deprecated setup.py develop --editable --build-directory /home/iiitd/Desktop/ros2/BATTERY/rrrp_uav_ugv/ros2_ws/build/rrrp_simulation/build --no-deps symlink_data
[4.263s] Level 1:colcon.colcon_core.shell:create_environment_hook('rrrp_simulation', 'pythonpath_develop')
[4.263s] INFO:colcon.colcon_core.shell:Creating environment hook '/home/iiitd/Desktop/ros2/BATTERY/rrrp_uav_ugv/ros2_ws/build/rrrp_simulation/share/rrrp_simulation/hook/pythonpath_develop.ps1'
[4.264s] INFO:colcon.colcon_core.shell:Creating environment descriptor '/home/iiitd/Desktop/ros2/BATTERY/rrrp_uav_ugv/ros2_ws/build/rrrp_simulation/share/rrrp_simulation/hook/pythonpath_develop.dsv'
[4.264s] INFO:colcon.colcon_core.shell:Creating environment hook '/home/iiitd/Desktop/ros2/BATTERY/rrrp_uav_ugv/ros2_ws/build/rrrp_simulation/share/rrrp_simulation/hook/pythonpath_develop.sh'
[4.265s] DEBUG:colcon.colcon_core.event_handler.log_command:Invoked command in '/home/iiitd/Desktop/ros2/BATTERY/rrrp_uav_ugv/ros2_ws/build/rrrp_simulation' returned '0': PYTHONPATH=/home/iiitd/Desktop/ros2/BATTERY/rrrp_uav_ugv/ros2_ws/build/rrrp_simulation/prefix_override:/usr/lib/python3/dist-packages/colcon_core/task/python/colcon_distutils_commands:/home/iiitd/Desktop/ros2/BATTERY/rrrp_uav_ugv/ros2_ws/install/rrrp_simulation/lib/python3.10/site-packages: /usr/bin/python3 -W ignore:setup.py install is deprecated -W ignore:easy_install command is deprecated setup.py develop --editable --build-directory /home/iiitd/Desktop/ros2/BATTERY/rrrp_uav_ugv/ros2_ws/build/rrrp_simulation/build --no-deps symlink_data
[4.415s] Level 1:colcon.colcon_core.environment:checking '/home/iiitd/Desktop/ros2/BATTERY/rrrp_uav_ugv/ros2_ws/install/rrrp_simulation' for CMake module files
[4.416s] Level 1:colcon.colcon_core.environment:checking '/home/iiitd/Desktop/ros2/BATTERY/rrrp_uav_ugv/ros2_ws/install/rrrp_simulation' for CMake config files
[4.417s] Level 1:colcon.colcon_core.environment:checking '/home/iiitd/Desktop/ros2/BATTERY/rrrp_uav_ugv/ros2_ws/install/rrrp_simulation/lib'
[4.417s] Level 1:colcon.colcon_core.environment:checking '/home/iiitd/Desktop/ros2/BATTERY/rrrp_uav_ugv/ros2_ws/install/rrrp_simulation/bin'
[4.417s] Level 1:colcon.colcon_core.environment:checking '/home/iiitd/Desktop/ros2/BATTERY/rrrp_uav_ugv/ros2_ws/install/rrrp_simulation/lib/pkgconfig/rrrp_simulation.pc'
[4.417s] Level 1:colcon.colcon_core.environment:checking '/home/iiitd/Desktop/ros2/BATTERY/rrrp_uav_ugv/ros2_ws/install/rrrp_simulation/lib/python3.10/site-packages'
[4.417s] Level 1:colcon.colcon_core.shell:create_environment_hook('rrrp_simulation', 'pythonpath')
[4.417s] INFO:colcon.colcon_core.shell:Creating environment hook '/home/iiitd/Desktop/ros2/BATTERY/rrrp_uav_ugv/ros2_ws/install/rrrp_simulation/share/rrrp_simulation/hook/pythonpath.ps1'
[4.418s] INFO:colcon.colcon_core.shell:Creating environment descriptor '/home/iiitd/Desktop/ros2/BATTERY/rrrp_uav_ugv/ros2_ws/install/rrrp_simulation/share/rrrp_simulation/hook/pythonpath.dsv'
[4.418s] INFO:colcon.colcon_core.shell:Creating environment hook '/home/iiitd/Desktop/ros2/BATTERY/rrrp_uav_ugv/ros2_ws/install/rrrp_simulation/share/rrrp_simulation/hook/pythonpath.sh'
[4.419s] Level 1:colcon.colcon_core.environment:checking '/home/iiitd/Desktop/ros2/BATTERY/rrrp_uav_ugv/ros2_ws/install/rrrp_simulation/bin'
[4.419s] Level 1:colcon.colcon_core.environment:create_environment_scripts_only(rrrp_simulation)
[4.419s] INFO:colcon.colcon_core.shell:Creating package script '/home/iiitd/Desktop/ros2/BATTERY/rrrp_uav_ugv/ros2_ws/install/rrrp_simulation/share/rrrp_simulation/package.ps1'
[4.421s] INFO:colcon.colcon_core.shell:Creating package descriptor '/home/iiitd/Desktop/ros2/BATTERY/rrrp_uav_ugv/ros2_ws/install/rrrp_simulation/share/rrrp_simulation/package.dsv'
[4.422s] INFO:colcon.colcon_core.shell:Creating package script '/home/iiitd/Desktop/ros2/BATTERY/rrrp_uav_ugv/ros2_ws/install/rrrp_simulation/share/rrrp_simulation/package.sh'
[4.423s] INFO:colcon.colcon_core.shell:Creating package script '/home/iiitd/Desktop/ros2/BATTERY/rrrp_uav_ugv/ros2_ws/install/rrrp_simulation/share/rrrp_simulation/package.bash'
[4.423s] INFO:colcon.colcon_core.shell:Creating package script '/home/iiitd/Desktop/ros2/BATTERY/rrrp_uav_ugv/ros2_ws/install/rrrp_simulation/share/rrrp_simulation/package.zsh'
[4.441s] Level 1:colcon.colcon_core.environment:create_file_with_runtime_dependencies(/home/iiitd/Desktop/ros2/BATTERY/rrrp_uav_ugv/ros2_ws/install/rrrp_simulation/share/colcon-core/packages/rrrp_simulation)
[4.442s] DEBUG:colcon.colcon_parallel_executor.executor.parallel:closing loop
[4.442s] DEBUG:colcon.colcon_parallel_executor.executor.parallel:loop closed
[4.442s] DEBUG:colcon.colcon_parallel_executor.executor.parallel:run_until_complete finished with '0'
[4.442s] DEBUG:colcon.colcon_core.event_reactor:joining thread
[4.465s] INFO:colcon.colcon_core.plugin_system:Skipping extension 'colcon_notification.desktop_notification.terminal_notifier': Not used on non-Darwin systems
[4.465s] INFO:colcon.colcon_core.plugin_system:Skipping extension 'colcon_notification.desktop_notification.win32': Not used on non-Windows systems
[4.465s] INFO:colcon.colcon_notification.desktop_notification:Sending desktop notification using 'notify2'
[4.477s] DEBUG:colcon.colcon_core.event_reactor:joined thread
[4.477s] INFO:colcon.colcon_core.shell:Creating prefix script '/home/iiitd/Desktop/ros2/BATTERY/rrrp_uav_ugv/ros2_ws/install/local_setup.ps1'
[4.513s] INFO:colcon.colcon_core.shell:Creating prefix util module '/home/iiitd/Desktop/ros2/BATTERY/rrrp_uav_ugv/ros2_ws/install/_local_setup_util_ps1.py'
[4.559s] INFO:colcon.colcon_core.shell:Creating prefix chain script '/home/iiitd/Desktop/ros2/BATTERY/rrrp_uav_ugv/ros2_ws/install/setup.ps1'
[4.578s] INFO:colcon.colcon_core.shell:Creating prefix script '/home/iiitd/Desktop/ros2/BATTERY/rrrp_uav_ugv/ros2_ws/install/local_setup.sh'
[4.601s] INFO:colcon.colcon_core.shell:Creating prefix util module '/home/iiitd/Desktop/ros2/BATTERY/rrrp_uav_ugv/ros2_ws/install/_local_setup_util_sh.py'
[4.602s] INFO:colcon.colcon_core.shell:Creating prefix chain script '/home/iiitd/Desktop/ros2/BATTERY/rrrp_uav_ugv/ros2_ws/install/setup.sh'
[4.610s] INFO:colcon.colcon_core.shell:Creating prefix script '/home/iiitd/Desktop/ros2/BATTERY/rrrp_uav_ugv/ros2_ws/install/local_setup.bash'
[4.612s] INFO:colcon.colcon_core.shell:Creating prefix chain script '/home/iiitd/Desktop/ros2/BATTERY/rrrp_uav_ugv/ros2_ws/install/setup.bash'
[4.632s] INFO:colcon.colcon_core.shell:Creating prefix script '/home/iiitd/Desktop/ros2/BATTERY/rrrp_uav_ugv/ros2_ws/install/local_setup.zsh'
[4.651s] INFO:colcon.colcon_core.shell:Creating prefix chain script '/home/iiitd/Desktop/ros2/BATTERY/rrrp_uav_ugv/ros2_ws/install/setup.zsh'
